[2025-12-08T04:21:05.991Z] OPTIONS /employee/verifyEmployeeLogin 204 - 8ms
[2025-12-08T04:21:06.095Z] POST /employee/verifyEmployeeLogin 401 - 58ms
[2025-12-08T04:40:46.544Z] POST /auth/verifyEmployeeLogin 200 - 114ms
[2025-12-08T04:43:16.963Z] POST /auth/verifyEmployeeLogin 200 - 107ms
[2025-12-08T04:51:42.541Z] POST /auth/verifyEmployeeLogin 200 - 85ms
[2025-12-08T04:53:19.418Z] POST /auth/verifyEmployeeLogin 200 - 109ms
[2025-12-08T04:55:38.022Z] POST /auth/verifyEmployeeLogin 200 - 113ms
[2025-12-08T11:35:24.874Z] OPTIONS /employee/verifyEmployeeLogin 204 - 8ms
[2025-12-08T11:35:24.898Z] POST /employee/verifyEmployeeLogin 401 - 21ms
[2025-12-08T11:35:58.895Z] OPTIONS /employee/verifyEmployeeLogin 204 - 8ms
[2025-12-08T11:35:58.941Z] POST /employee/verifyEmployeeLogin 401 - 15ms
[2025-12-08T11:36:17.629Z] OPTIONS /auth/verifyEmployeeLogin 204 - 5ms
[2025-12-08T11:36:17.812Z] POST /auth/verifyEmployeeLogin 200 - 137ms
[2025-12-08T11:36:32.764Z] OPTIONS /auth/verifyEmployeeLogin 204 - 1ms
[2025-12-08T11:36:32.966Z] POST /auth/verifyEmployeeLogin 200 - 115ms
[2025-12-08T11:37:15.321Z] OPTIONS /auth/verifyEmployeeLogin 204 - 7ms
[2025-12-08T11:37:15.428Z] POST /auth/verifyEmployeeLogin 200 - 104ms
[2025-12-08T11:39:42.408Z] OPTIONS /auth/verifyEmployeeLogin 204 - 10ms
[2025-12-08T11:39:42.627Z] POST /auth/verifyEmployeeLogin 200 - 167ms
[2025-12-08T11:44:40.129Z] OPTIONS /auth/verifyEmployeeLogin 204 - 1ms
[2025-12-08T11:44:40.320Z] POST /auth/verifyEmployeeLogin 200 - 175ms
[2025-12-08T11:45:18.001Z] OPTIONS /auth/verifyEmployeeLogin 204 - 1ms
[2025-12-08T11:45:18.150Z] POST /auth/verifyEmployeeLogin 200 - 89ms
[2025-12-08T11:47:27.430Z] OPTIONS /auth/verifyEmployeeLogin 204 - 1ms
[2025-12-08T11:47:27.711Z] POST /auth/verifyEmployeeLogin 200 - 233ms
[2025-12-08T11:51:06.084Z] POST /aba/getAllClientInfo 401 - 3ms
[2025-12-08T11:51:06.087Z] OPTIONS /aba/getAllClientInfo 204 - 3ms
[2025-12-08T11:51:06.081Z] OPTIONS /aba/getAllClientInfo 204 - 6ms
[2025-12-08T11:51:06.130Z] POST /aba/getAllClientInfo 401 - 41ms
[2025-12-08T12:00:24.250Z] OPTIONS /auth/verifyEmployeeLogin 204 - 23ms
[2025-12-08T12:00:24.456Z] POST /auth/verifyEmployeeLogin 200 - 204ms
[2025-12-08T12:00:25.568Z] OPTIONS /aba/getAllClientInfo 204 - 1ms
[2025-12-08T12:00:25.572Z] POST /aba/getAllClientInfo 401 - 2ms
[2025-12-08T12:00:25.606Z] OPTIONS /aba/getAllClientInfo 204 - 23ms
[2025-12-08T12:00:25.616Z] POST /aba/getAllClientInfo 401 - 9ms
[2025-12-08T12:01:41.979Z] OPTIONS /aba/getAllClientInfo 204 - 0ms
[2025-12-08T12:01:41.982Z] OPTIONS /aba/getAllClientInfo 204 - 0ms
[2025-12-08T12:01:42.028Z] POST /aba/getAllClientInfo 401 - 45ms
[2025-12-08T12:01:42.066Z] POST /aba/getAllClientInfo 401 - 1ms
[2025-12-08T12:03:38.629Z] OPTIONS /aba/getAllClientInfo 204 - 0ms
[2025-12-08T12:03:38.643Z] POST /aba/getAllClientInfo 401 - 3ms
[2025-12-08T12:04:45.821Z] OPTIONS /aba/getAllClientInfo 204 - 1ms
[2025-12-08T12:04:45.833Z] OPTIONS /aba/getAllClientInfo 204 - 6ms
[2025-12-08T12:04:45.850Z] POST /aba/getAllClientInfo 401 - 12ms
[2025-12-08T12:04:45.860Z] POST /aba/getAllClientInfo 401 - 3ms
[2025-12-08T12:13:51.760Z] OPTIONS /aba/getAllClientInfo 204 - 1ms
[2025-12-08T12:13:51.779Z] OPTIONS /aba/getAllClientInfo 204 - 0ms
[2025-12-08T12:13:51.804Z] POST /aba/getAllClientInfo 200 - 42ms
[2025-12-08T12:13:51.875Z] POST /aba/getAllClientInfo 200 - 87ms
[2025-12-08T12:13:52.120Z] OPTIONS /aba/getClientTargetBehavior 204 - 0ms
[2025-12-08T12:13:52.136Z] POST /aba/getClientTargetBehavior 200 - 13ms
[2025-12-08T13:51:56.810Z] OPTIONS /aba/getAllClientInfo 204 - 1ms
[2025-12-08T13:51:56.811Z] OPTIONS /aba/getAllClientInfo 204 - 1ms
[2025-12-08T13:51:56.814Z] POST /aba/getAllClientInfo 401 - 1ms
[2025-12-08T13:51:56.850Z] POST /aba/getAllClientInfo 401 - 14ms
[2025-12-08T13:53:27.663Z] OPTIONS /aba/getAllClientInfo 204 - 1ms
[2025-12-08T13:53:27.669Z] POST /aba/getAllClientInfo 401 - 0ms
[2025-12-08T13:53:27.670Z] OPTIONS /aba/getAllClientInfo 204 - 0ms
[2025-12-08T13:53:27.709Z] POST /aba/getAllClientInfo 401 - 1ms
[2025-12-08T13:56:08.658Z] OPTIONS /aba/getAllClientInfo 204 - 1ms
[2025-12-08T13:56:08.664Z] POST /aba/getAllClientInfo 401 - 2ms
[2025-12-08T13:56:08.701Z] OPTIONS /aba/getAllClientInfo 204 - 1ms
[2025-12-08T13:56:08.711Z] POST /aba/getAllClientInfo 401 - 2ms
[2025-12-08T13:56:22.569Z] OPTIONS /auth/verifyEmployeeLogout 204 - 0ms
[2025-12-08T13:56:22.574Z] POST /auth/verifyEmployeeLogout 200 - 1ms
[2025-12-08T13:56:36.810Z] OPTIONS /auth/verifyEmployeeLogin 204 - 3ms
[2025-12-08T13:56:36.984Z] POST /auth/verifyEmployeeLogin 200 - 122ms
[2025-12-08T13:56:48.283Z] OPTIONS /aba/getAllClientInfo 204 - 1ms
[2025-12-08T13:56:48.284Z] OPTIONS /aba/getAllClientInfo 204 - 1ms
[2025-12-08T13:56:48.288Z] POST /aba/getAllClientInfo 401 - 1ms
[2025-12-08T13:56:48.297Z] POST /aba/getAllClientInfo 401 - 7ms
[2025-12-08T13:57:05.813Z] OPTIONS /aba/getAllClientInfo 204 - 0ms
[2025-12-08T13:57:05.819Z] OPTIONS /aba/getAllClientInfo 204 - 2ms
[2025-12-08T13:57:05.829Z] POST /aba/getAllClientInfo 401 - 1ms
[2025-12-08T13:57:05.849Z] POST /aba/getAllClientInfo 401 - 2ms
[2025-12-08T13:59:10.337Z] OPTIONS /aba/getAllClientInfo 204 - 1ms
[2025-12-08T13:59:10.346Z] POST /aba/getAllClientInfo 401 - 5ms
[2025-12-08T13:59:37.338Z] OPTIONS /aba/getAllClientInfo 204 - 1ms
[2025-12-08T13:59:37.349Z] POST /aba/getAllClientInfo 401 - 7ms
[2025-12-08T13:59:37.392Z] OPTIONS /aba/getAllClientInfo 204 - 0ms
[2025-12-08T13:59:37.407Z] POST /aba/getAllClientInfo 401 - 2ms
[2025-12-08T14:04:08.755Z] OPTIONS /aba/getAllClientInfo 204 - 1ms
[2025-12-08T14:04:08.760Z] POST /aba/getAllClientInfo 401 - 2ms
[2025-12-08T14:04:08.777Z] OPTIONS /aba/getAllClientInfo 204 - 14ms
[2025-12-08T14:04:08.780Z] POST /aba/getAllClientInfo 401 - 2ms
[2025-12-08T14:04:09.075Z] POST /aba/getAllClientInfo 401 - 1ms
[2025-12-08T14:04:24.785Z] OPTIONS /auth/verifyEmployeeLogin 204 - 1ms
[2025-12-08T14:04:25.001Z] POST /auth/verifyEmployeeLogin 200 - 156ms
[2025-12-08T14:04:31.330Z] OPTIONS /auth/verifyEmployeeLogin 204 - 22ms
[2025-12-08T14:04:31.533Z] POST /auth/verifyEmployeeLogin 200 - 202ms
[2025-12-08T14:04:32.269Z] OPTIONS /aba/getAllClientInfo 204 - 1ms
[2025-12-08T14:04:32.297Z] OPTIONS /aba/getAllClientInfo 204 - 24ms
[2025-12-08T14:04:32.306Z] POST /aba/getAllClientInfo 401 - 4ms
[2025-12-08T14:04:32.299Z] POST /aba/getAllClientInfo 401 - 1ms
[2025-12-08T14:04:32.621Z] POST /aba/getAllClientInfo 401 - 4ms
[2025-12-08T14:05:36.617Z] OPTIONS /auth/verifyEmployeeLogin 204 - 1ms
[2025-12-08T14:05:36.851Z] POST /auth/verifyEmployeeLogin 200 - 193ms
[2025-12-08T14:05:37.769Z] OPTIONS /aba/getAllClientInfo 204 - 1ms
[2025-12-08T14:05:37.772Z] OPTIONS /aba/getAllClientInfo 204 - 0ms
[2025-12-08T14:05:37.775Z] POST /aba/getAllClientInfo 401 - 2ms
[2025-12-08T14:05:37.777Z] POST /aba/getAllClientInfo 401 - 2ms
[2025-12-08T14:05:38.103Z] POST /aba/getAllClientInfo 401 - 2ms
[2025-12-08T14:08:46.414Z] POST /auth/verifyEmployeeLogin 200 - 88ms
[2025-12-08T14:09:23.785Z] POST /aba/getAllClientInfo 200 - 5ms
[2025-12-08T14:10:09.070Z] POST /aba/getClientInfo 200 - 4ms
[2025-12-08T14:19:48.021Z] OPTIONS /auth/verifyEmployeeLogin 204 - 8ms
[2025-12-08T14:19:48.239Z] POST /auth/verifyEmployeeLogin 200 - 161ms
[2025-12-08T14:20:09.187Z] OPTIONS /auth/verifyEmployeeLogin 204 - 0ms
[2025-12-08T14:20:09.354Z] POST /auth/verifyEmployeeLogin 200 - 154ms
[2025-12-08T14:20:17.969Z] OPTIONS /aba/getAllClientInfo 204 - 0ms
[2025-12-08T14:20:17.972Z] OPTIONS /aba/getAllClientInfo 204 - 3ms
[2025-12-08T14:20:17.979Z] POST /aba/getAllClientInfo 401 - 3ms
[2025-12-08T14:20:17.988Z] POST /aba/getAllClientInfo 401 - 3ms
[2025-12-08T14:20:18.305Z] POST /aba/getAllClientInfo 401 - 6ms
[2025-12-08T14:32:31.334Z] OPTIONS /auth/verifyEmployeeLogin 204 - 0ms
[2025-12-08T14:32:31.487Z] POST /auth/verifyEmployeeLogin 200 - 148ms
[2025-12-08T14:32:32.372Z] OPTIONS /aba/getAllClientInfo 204 - 1ms
[2025-12-08T14:32:32.385Z] POST /aba/getAllClientInfo 200 - 8ms
[2025-12-08T14:32:32.389Z] POST /aba/getAllClientInfo 200 - 10ms
[2025-12-08T15:02:23.914Z] OPTIONS /aba/getAllClientInfo 204 - 0ms
[2025-12-08T15:02:23.925Z] POST /aba/getAllClientInfo 200 - 7ms
[2025-12-08T15:02:24.247Z] OPTIONS /aba/getClientTargetBehavior 204 - 4ms
[2025-12-08T15:02:24.253Z] POST /aba/getClientTargetBehavior 200 - 5ms
[2025-12-08T15:31:08.027Z] OPTIONS /aba/getAClientTargetBehavior 204 - 7ms
[2025-12-08T15:31:08.055Z] POST /aba/getAClientTargetBehavior 401 - 26ms
[2025-12-08T15:31:08.062Z] OPTIONS /aba/getTargetBehavior 204 - 4ms
[2025-12-08T15:31:08.065Z] POST /aba/getTargetBehavior 401 - 2ms
[2025-12-08T15:31:08.070Z] OPTIONS /aba/getAClientTargetBehavior 204 - 5ms
[2025-12-08T15:31:08.075Z] POST /aba/getAClientTargetBehavior 401 - 2ms
[2025-12-08T15:31:08.078Z] OPTIONS /aba/getTargetBehavior 204 - 1ms
[2025-12-08T15:31:08.082Z] POST /aba/getTargetBehavior 401 - 1ms
[2025-12-08T15:31:10.550Z] OPTIONS /aba/getAllClientInfo 204 - 1ms
[2025-12-08T15:31:10.548Z] OPTIONS /aba/getAllClientInfo 204 - 0ms
[2025-12-08T15:31:10.566Z] POST /aba/getAllClientInfo 200 - 13ms
[2025-12-08T15:31:10.568Z] POST /aba/getAllClientInfo 200 - 11ms
[2025-12-08T15:31:10.880Z] OPTIONS /aba/getClientTargetBehavior 204 - 1ms
[2025-12-08T15:31:10.894Z] POST /aba/getClientTargetBehavior 200 - 12ms
[2025-12-08T17:42:18.156Z] POST /auth/verifyEmployeeLogin 200 - 129ms
[2025-12-08T17:43:54.814Z] POST /auth/verifyEmployeeLogin 200 - 110ms
[2025-12-08T17:49:11.955Z] POST /auth/verifyEmployeeLogin 200 - 117ms
[2025-12-08T17:50:20.401Z] OPTIONS /auth/verifyEmployeeLogout 204 - 1ms
[2025-12-08T17:50:20.405Z] POST /auth/verifyEmployeeLogout 200 - 2ms
[2025-12-08T17:50:33.026Z] OPTIONS /auth/verifyEmployeeLogin 204 - 2ms
[2025-12-08T17:50:33.243Z] POST /auth/verifyEmployeeLogin 200 - 142ms
[2025-12-08T17:50:39.200Z] OPTIONS /auth/verifyEmployeeLogin 204 - 0ms
[2025-12-08T17:50:39.303Z] POST /auth/verifyEmployeeLogin 200 - 98ms
[2025-12-08T17:50:46.305Z] OPTIONS /aba/getAllClientInfo 204 - 1ms
[2025-12-08T17:50:46.308Z] OPTIONS /aba/getAllClientInfo 204 - 1ms
[2025-12-08T17:50:46.323Z] POST /aba/getAllClientInfo 200 - 13ms
[2025-12-08T17:50:46.328Z] POST /aba/getAllClientInfo 200 - 9ms
[2025-12-08T17:51:23.797Z] OPTIONS /aba/getAllClientInfo 204 - 10ms
[2025-12-08T17:51:23.799Z] OPTIONS /aba/getAllClientInfo 204 - 0ms
[2025-12-08T17:51:23.820Z] POST /aba/getAllClientInfo 200 - 20ms
[2025-12-08T17:51:23.843Z] POST /aba/getAllClientInfo 200 - 22ms
[2025-12-08T17:55:30.436Z] OPTIONS /auth/verifyEmployeeLogout 204 - 1ms
[2025-12-08T17:55:30.441Z] POST /auth/verifyEmployeeLogout 200 - 2ms
[2025-12-08T17:55:42.251Z] OPTIONS /auth/verifyEmployeeLogin 204 - 4ms
[2025-12-08T17:55:42.533Z] POST /auth/verifyEmployeeLogin 200 - 213ms
[2025-12-08T17:56:04.458Z] OPTIONS /auth/verifyEmployeeLogin 204 - 1ms
[2025-12-08T17:56:04.715Z] POST /auth/verifyEmployeeLogin 200 - 176ms
[2025-12-08T17:58:22.149Z] OPTIONS /auth/verifyEmployeeLogin 204 - 3ms
[2025-12-08T17:58:22.376Z] POST /auth/verifyEmployeeLogin 200 - 174ms
[2025-12-08T17:58:34.539Z] OPTIONS /aba/getAllClientInfo 204 - 1ms
[2025-12-08T17:58:34.543Z] OPTIONS /aba/getAllClientInfo 204 - 1ms
[2025-12-08T17:58:34.557Z] POST /aba/getAllClientInfo 200 - 12ms
[2025-12-08T17:58:34.562Z] POST /aba/getAllClientInfo 200 - 13ms
[2025-12-08T17:58:34.868Z] OPTIONS /aba/getClientTargetBehavior 204 - 0ms
[2025-12-08T17:58:34.883Z] POST /aba/getClientTargetBehavior 200 - 9ms
